Determining if the pthread_create exist failed with the following output:
Change Dir: /home/seungbin/Downloads/rbdl-rbdl-849d2aee8f4c/build/CMakeFiles/CMakeTmp

Run Build Command:"/usr/bin/make" "cmTC_7d88e/fast"
/usr/bin/make -f CMakeFiles/cmTC_7d88e.dir/build.make CMakeFiles/cmTC_7d88e.dir/build
make[1]: Entering directory '/home/seungbin/Downloads/rbdl-rbdl-849d2aee8f4c/build/CMakeFiles/CMakeTmp'
Building C object CMakeFiles/cmTC_7d88e.dir/CheckSymbolExists.c.o
/usr/bin/cc    -o CMakeFiles/cmTC_7d88e.dir/CheckSymbolExists.c.o   -c /home/seungbin/Downloads/rbdl-rbdl-849d2aee8f4c/build/CMakeFiles/CMakeTmp/CheckSymbolExists.c
Linking C executable cmTC_7d88e
/usr/bin/cmake -E cmake_link_script CMakeFiles/cmTC_7d88e.dir/link.txt --verbose=1
/usr/bin/cc      -rdynamic CMakeFiles/cmTC_7d88e.dir/CheckSymbolExists.c.o  -o cmTC_7d88e 
CMakeFiles/cmTC_7d88e.dir/CheckSymbolExists.c.o: In function `main':
CheckSymbolExists.c:(.text+0x1b): undefined reference to `pthread_create'
collect2: error: ld returned 1 exit status
CMakeFiles/cmTC_7d88e.dir/build.make:97: recipe for target 'cmTC_7d88e' failed
make[1]: *** [cmTC_7d88e] Error 1
make[1]: Leaving directory '/home/seungbin/Downloads/rbdl-rbdl-849d2aee8f4c/build/CMakeFiles/CMakeTmp'
Makefile:126: recipe for target 'cmTC_7d88e/fast' failed
make: *** [cmTC_7d88e/fast] Error 2

File /home/seungbin/Downloads/rbdl-rbdl-849d2aee8f4c/build/CMakeFiles/CMakeTmp/CheckSymbolExists.c:
/* */
#include <pthread.h>

int main(int argc, char** argv)
{
  (void)argv;
#ifndef pthread_create
  return ((int*)(&pthread_create))[argc];
#else
  (void)argc;
  return 0;
#endif
}

Determining if the function pthread_create exists in the pthreads failed with the following output:
Change Dir: /home/seungbin/Downloads/rbdl-rbdl-849d2aee8f4c/build/CMakeFiles/CMakeTmp

Run Build Command:"/usr/bin/make" "cmTC_58a7f/fast"
/usr/bin/make -f CMakeFiles/cmTC_58a7f.dir/build.make CMakeFiles/cmTC_58a7f.dir/build
make[1]: Entering directory '/home/seungbin/Downloads/rbdl-rbdl-849d2aee8f4c/build/CMakeFiles/CMakeTmp'
Building C object CMakeFiles/cmTC_58a7f.dir/CheckFunctionExists.c.o
/usr/bin/cc   -DCHECK_FUNCTION_EXISTS=pthread_create   -o CMakeFiles/cmTC_58a7f.dir/CheckFunctionExists.c.o   -c /usr/share/cmake-3.10/Modules/CheckFunctionExists.c
Linking C executable cmTC_58a7f
/usr/bin/cmake -E cmake_link_script CMakeFiles/cmTC_58a7f.dir/link.txt --verbose=1
/usr/bin/cc  -DCHECK_FUNCTION_EXISTS=pthread_create    -rdynamic CMakeFiles/cmTC_58a7f.dir/CheckFunctionExists.c.o  -o cmTC_58a7f -lpthreads 
/usr/bin/ld: cannot find -lpthreads
collect2: error: ld returned 1 exit status
CMakeFiles/cmTC_58a7f.dir/build.make:97: recipe for target 'cmTC_58a7f' failed
make[1]: *** [cmTC_58a7f] Error 1
make[1]: Leaving directory '/home/seungbin/Downloads/rbdl-rbdl-849d2aee8f4c/build/CMakeFiles/CMakeTmp'
Makefile:126: recipe for target 'cmTC_58a7f/fast' failed
make: *** [cmTC_58a7f/fast] Error 2


